-------------------------------------------------------------------------------
Test set: org.itzixi.test.MinIOTest
-------------------------------------------------------------------------------
Tests run: 1, Failures: 0, Errors: 1, Skipped: 0, Time elapsed: 0.847 s <<< FAILURE! - in org.itzixi.test.MinIOTest
testUpload  Time elapsed: 0.827 s  <<< ERROR!
java.net.ConnectException: Failed to connect to /127.0.0.1:8000
Caused by: java.net.ConnectException: Connection refused: no further information

