<?xml version="1.0" encoding="UTF-8"?>
<testsuite xmlns:xsi="http://www.w3.org/2001/XMLSchema-instance" xsi:noNamespaceSchemaLocation="https://maven.apache.org/surefire/maven-surefire-plugin/xsd/surefire-test-report.xsd" name="org.itzixi.test.MinIOTest" time="0.847" tests="1" errors="1" skipped="0" failures="0">
  <properties>
[...]
</properties>
  <testcase name="testUpload" classname="org.itzixi.test.MinIOTest" time="0.827">
    <error message="Failed to connect to /127.0.0.1:8000" type="java.net.ConnectException">java.net.ConnectException: Failed to connect to /127.0.0.1:8000
Caused by: java.net.ConnectException: Connection refused: no further information
</error>
  </testcase>
</testsuite>